<?xml version="1.0" encoding="UTF-8"?>
<!-- Generated by org.testng.reporters.JUnitReportReporter -->
<testsuite hostname="miNotebook_pro" failures="0" tests="1" name="testCases.TC_01_myAccountTest" time="18.627" errors="0" timestamp="2022-10-22T12:29:50 IST" skipped="0">
  <testcase classname="testCases.TC_01_myAccountTest" name="verifyRegistrationAndLogin" time="18.627"/>
  <system-out/>
</testsuite> <!-- testCases.TC_01_myAccountTest -->
